#
# There is insufficient memory for the Java Runtime Environment to continue.
# Native memory allocation (malloc) failed to allocate 96128 bytes for Chunk::new
# Possible reasons:
#   The system is out of physical RAM or swap space
#   The process is running with CompressedOops enabled, and the Java Heap may be blocking the growth of the native heap
# Possible solutions:
#   Reduce memory load on the system
#   Increase physical memory or swap space
#   Check if swap backing store is full
#   Decrease Java heap size (-Xmx/-Xms)
#   Decrease number of Java threads
#   Decrease Java thread stack sizes (-Xss)
#   Set larger code cache with -XX:ReservedCodeCacheSize=
#   JVM is running with Unscaled Compressed Oops mode in which the Java heap is
#     placed in the first 4GB address space. The Java Heap base address is the
#     maximum limit for the native heap growth. Please use -XX:HeapBaseMinAddress
#     to set the Java Heap base and to place the Java Heap above 4GB virtual address.
# This output file may be truncated or incomplete.
#
#  Out of Memory Error (arena.cpp:189), pid=22304, tid=17308
#
# JRE version: Java(TM) SE Runtime Environment (17.0.11+7) (build 17.0.11+7-LTS-207)
# Java VM: Java HotSpot(TM) 64-Bit Server VM (17.0.11+7-LTS-207, mixed mode, sharing, tiered, compressed oops, compressed class ptrs, g1 gc, windows-amd64)
# No core dump will be written. Minidumps are not enabled by default on client versions of Windows
#

---------------  S U M M A R Y ------------

Command Line: --add-opens=java.base/java.util=ALL-UNNAMED --add-opens=java.base/java.lang=ALL-UNNAMED --add-opens=java.base/java.lang.invoke=ALL-UNNAMED --add-opens=java.prefs/java.util.prefs=ALL-UNNAMED --add-opens=java.base/java.nio.charset=ALL-UNNAMED --add-opens=java.base/java.net=ALL-UNNAMED --add-opens=java.base/java.util.concurrent.atomic=ALL-UNNAMED -XX:MaxMetaspaceSize=384m -XX:+HeapDumpOnOutOfMemoryError -Xms256m -Xmx512m -Dfile.encoding=windows-1252 -Duser.country=US -Duser.language=en -Duser.variant -javaagent:C:\Users\ayenm\.gradle\wrapper\dists\gradle-8.8-bin\dl7vupf4psengwqhwktix4v1\gradle-8.8\lib\agents\gradle-instrumentation-agent-8.8.jar org.gradle.launcher.daemon.bootstrap.GradleDaemon 8.8

Host: AMD Ryzen 3 7320U with Radeon Graphics         , 8 cores, 5G,  Windows 11 , 64 bit Build 22621 (10.0.22621.4391)
Time: Wed Nov 27 11:59:55 2024 Hora est. Pacífico, Sudamérica elapsed time: 13.850723 seconds (0d 0h 0m 13s)

---------------  T H R E A D  ---------------

Current thread (0x000002134fa15190):  JavaThread "C2 CompilerThread0" daemon [_thread_in_native, id=17308, stack(0x0000005e5aa00000,0x0000005e5ab00000)]


Current CompileTask:
C2:  13852 2453   !   4       java.net.URLClassLoader::findClass (47 bytes)

Stack: [0x0000005e5aa00000,0x0000005e5ab00000]
Native frames: (J=compiled Java code, j=interpreted, Vv=VM code, C=native code)
V  [jvm.dll+0x679cca]
V  [jvm.dll+0x7da13d]
V  [jvm.dll+0x7dba83]
V  [jvm.dll+0x7dc0f3]
V  [jvm.dll+0x2449af]
V  [jvm.dll+0xab83b]
V  [jvm.dll+0xabe1c]
V  [jvm.dll+0x2aa39c]
V  [jvm.dll+0x5818d9]
V  [jvm.dll+0x21ed62]
V  [jvm.dll+0x21f13f]
V  [jvm.dll+0x218331]
V  [jvm.dll+0x215505]
V  [jvm.dll+0x1a2040]
V  [jvm.dll+0x225a2b]
V  [jvm.dll+0x223bcb]
V  [jvm.dll+0x7903ec]
V  [jvm.dll+0x78a85a]
V  [jvm.dll+0x678bb5]
C  [ucrtbase.dll+0x29333]
C  [KERNEL32.DLL+0x1259d]
C  [ntdll.dll+0x5af38]


---------------  P R O C E S S  ---------------

Threads class SMR info:
_java_thread_list=0x00000213699ddd60, length=26, elements={
0x0000021335100230, 0x000002134f9f5640, 0x000002134f9f62c0, 0x000002134fa102a0,
0x000002134fa12390, 0x000002134fa12c60, 0x000002134fa13cd0, 0x000002134fa15190,
0x000002134fa1bfa0, 0x000002134fa1f800, 0x000002134f9e1160, 0x000002134fcc93e0,
0x000002134fcf9c60, 0x0000021369842080, 0x0000021369093fd0, 0x00000213690930a0,
0x0000021369095410, 0x00000213690944e0, 0x00000213690949f0, 0x0000021369094f00,
0x0000021369095920, 0x0000021369095e30, 0x0000021369092b90, 0x00000213690935b0,
0x0000021369093ac0, 0x000002136ae619d0
}

Java Threads: ( => current thread )
  0x0000021335100230 JavaThread "main" [_thread_blocked, id=3176, stack(0x0000005e59d00000,0x0000005e59e00000)]
  0x000002134f9f5640 JavaThread "Reference Handler" daemon [_thread_blocked, id=7672, stack(0x0000005e5a400000,0x0000005e5a500000)]
  0x000002134f9f62c0 JavaThread "Finalizer" daemon [_thread_blocked, id=1072, stack(0x0000005e5a500000,0x0000005e5a600000)]
  0x000002134fa102a0 JavaThread "Signal Dispatcher" daemon [_thread_blocked, id=21928, stack(0x0000005e5a600000,0x0000005e5a700000)]
  0x000002134fa12390 JavaThread "Attach Listener" daemon [_thread_blocked, id=21872, stack(0x0000005e5a700000,0x0000005e5a800000)]
  0x000002134fa12c60 JavaThread "Service Thread" daemon [_thread_blocked, id=17660, stack(0x0000005e5a800000,0x0000005e5a900000)]
  0x000002134fa13cd0 JavaThread "Monitor Deflation Thread" daemon [_thread_blocked, id=3892, stack(0x0000005e5a900000,0x0000005e5aa00000)]
=>0x000002134fa15190 JavaThread "C2 CompilerThread0" daemon [_thread_in_native, id=17308, stack(0x0000005e5aa00000,0x0000005e5ab00000)]
  0x000002134fa1bfa0 JavaThread "C1 CompilerThread0" daemon [_thread_blocked, id=18348, stack(0x0000005e5ab00000,0x0000005e5ac00000)]
  0x000002134fa1f800 JavaThread "Sweeper thread" daemon [_thread_blocked, id=8524, stack(0x0000005e5ac00000,0x0000005e5ad00000)]
  0x000002134f9e1160 JavaThread "Common-Cleaner" daemon [_thread_blocked, id=16348, stack(0x0000005e5ad00000,0x0000005e5ae00000)]
  0x000002134fcc93e0 JavaThread "Notification Thread" daemon [_thread_blocked, id=26072, stack(0x0000005e5ae00000,0x0000005e5af00000)]
  0x000002134fcf9c60 JavaThread "Daemon health stats" [_thread_blocked, id=18276, stack(0x0000005e5b500000,0x0000005e5b600000)]
  0x0000021369842080 JavaThread "Incoming local TCP Connector on port 53038" [_thread_in_native, id=14920, stack(0x0000005e5b600000,0x0000005e5b700000)]
  0x0000021369093fd0 JavaThread "Daemon periodic checks" [_thread_blocked, id=5704, stack(0x0000005e5b700000,0x0000005e5b800000)]
  0x00000213690930a0 JavaThread "Daemon" [_thread_blocked, id=2636, stack(0x0000005e5b800000,0x0000005e5b900000)]
  0x0000021369095410 JavaThread "Handler for socket connection from /127.0.0.1:53038 to /127.0.0.1:53039" [_thread_in_native, id=19748, stack(0x0000005e5b900000,0x0000005e5ba00000)]
  0x00000213690944e0 JavaThread "Cancel handler" [_thread_blocked, id=24812, stack(0x0000005e5ba00000,0x0000005e5bb00000)]
  0x00000213690949f0 JavaThread "Daemon worker" [_thread_in_native, id=21528, stack(0x0000005e5bb00000,0x0000005e5bc00000)]
  0x0000021369094f00 JavaThread "Asynchronous log dispatcher for DefaultDaemonConnection: socket connection from /127.0.0.1:53038 to /127.0.0.1:53039" [_thread_blocked, id=23248, stack(0x0000005e5bc00000,0x0000005e5bd00000)]
  0x0000021369095920 JavaThread "Stdin handler" [_thread_blocked, id=25436, stack(0x0000005e5bd00000,0x0000005e5be00000)]
  0x0000021369095e30 JavaThread "Daemon client event forwarder" [_thread_blocked, id=17168, stack(0x0000005e5be00000,0x0000005e5bf00000)]
  0x0000021369092b90 JavaThread "Cache worker for journal cache (C:\Users\ayenm\.gradle\caches\journal-1)" [_thread_blocked, id=19620, stack(0x0000005e5bf00000,0x0000005e5c000000)]
  0x00000213690935b0 JavaThread "File lock request listener" [_thread_in_native, id=16360, stack(0x0000005e5c000000,0x0000005e5c100000)]
  0x0000021369093ac0 JavaThread "File lock release action executor" [_thread_blocked, id=25320, stack(0x0000005e5c100000,0x0000005e5c200000)]
  0x000002136ae619d0 JavaThread "Cache worker for file hash cache (C:\Users\ayenm\.gradle\caches\8.8\fileHashes)" [_thread_blocked, id=12596, stack(0x0000005e5c200000,0x0000005e5c300000)]

Other Threads:
  0x000002134f9ef390 VMThread "VM Thread" [stack: 0x0000005e5a300000,0x0000005e5a400000] [id=10876]
  0x0000021335102ec0 WatcherThread [stack: 0x0000005e5af00000,0x0000005e5b000000] [id=15452]
  0x0000021335130ff0 GCTaskThread "GC Thread#0" [stack: 0x0000005e59e00000,0x0000005e59f00000] [id=9780]
  0x0000021369413300 GCTaskThread "GC Thread#1" [stack: 0x0000005e5b000000,0x0000005e5b100000] [id=14660]
  0x00000213697fd120 GCTaskThread "GC Thread#2" [stack: 0x0000005e5b100000,0x0000005e5b200000] [id=26300]
  0x00000213697fd3e0 GCTaskThread "GC Thread#3" [stack: 0x0000005e5b200000,0x0000005e5b300000] [id=7784]
  0x00000213697fd6a0 GCTaskThread "GC Thread#4" [stack: 0x0000005e5b300000,0x0000005e5b400000] [id=4692]
  0x0000021369751f90 GCTaskThread "GC Thread#5" [stack: 0x0000005e5b400000,0x0000005e5b500000] [id=9592]
  0x0000021335135e40 ConcurrentGCThread "G1 Main Marker" [stack: 0x0000005e59f00000,0x0000005e5a000000] [id=9484]
  0x0000021335137760 ConcurrentGCThread "G1 Conc#0" [stack: 0x0000005e5a000000,0x0000005e5a100000] [id=8956]
  0x00000213351cec20 ConcurrentGCThread "G1 Refine#0" [stack: 0x0000005e5a100000,0x0000005e5a200000] [id=24096]
  0x000002134f8b4720 ConcurrentGCThread "G1 Service" [stack: 0x0000005e5a200000,0x0000005e5a300000] [id=12788]

Threads with active compile tasks:
C2 CompilerThread0    13948 2453   !   4       java.net.URLClassLoader::findClass (47 bytes)

VM state: not at safepoint (normal execution)

VM Mutex/Monitor currently owned by a thread: None

Heap address: 0x00000000e0000000, size: 512 MB, Compressed Oops mode: 32-bit

CDS archive(s) mapped at: [0x0000021350000000-0x0000021350bd0000-0x0000021350bd0000), size 12386304, SharedBaseAddress: 0x0000021350000000, ArchiveRelocationMode: 1.
Compressed class space mapped at: 0x0000021351000000-0x0000021365000000, reserved size: 335544320
Narrow klass base: 0x0000021350000000, Narrow klass shift: 0, Narrow klass range: 0x100000000

GC Precious Log:
 CPUs: 8 total, 8 available
 Memory: 5965M
 Large Page Support: Disabled
 NUMA Support: Disabled
 Compressed Oops: Enabled (32-bit)
 Heap Region Size: 1M
 Heap Min Capacity: 256M
 Heap Initial Capacity: 256M
 Heap Max Capacity: 512M
 Pre-touch: Disabled
 Parallel Workers: 8
 Concurrent Workers: 2
 Concurrent Refinement Workers: 8
 Periodic GC: Disabled

Heap:
 garbage-first heap   total 262144K, used 108568K [0x00000000e0000000, 0x0000000100000000)
  region size 1024K, 95 young (97280K), 2 survivors (2048K)
 Metaspace       used 16687K, committed 16960K, reserved 393216K
  class space    used 2361K, committed 2496K, reserved 327680K

Heap Regions: E=young(eden), S=young(survivor), O=old, HS=humongous(starts), HC=humongous(continues), CS=collection set, F=free, OA=open archive, CA=closed archive, TAMS=top-at-mark-start (previous, next)
|   0|0x00000000e0000000, 0x00000000e0100000, 0x00000000e0100000|100%|HS|  |TAMS 0x00000000e0000000, 0x00000000e0000000| Complete 
|   1|0x00000000e0100000, 0x00000000e0200000, 0x00000000e0200000|100%|HC|  |TAMS 0x00000000e0100000, 0x00000000e0100000| Complete 
|   2|0x00000000e0200000, 0x00000000e0300000, 0x00000000e0300000|100%|HC|  |TAMS 0x00000000e0200000, 0x00000000e0200000| Complete 
|   3|0x00000000e0300000, 0x00000000e0400000, 0x00000000e0400000|100%|HC|  |TAMS 0x00000000e0300000, 0x00000000e0300000| Complete 
|   4|0x00000000e0400000, 0x00000000e0500000, 0x00000000e0500000|100%| O|  |TAMS 0x00000000e0400000, 0x00000000e0400000| Untracked 
|   5|0x00000000e0500000, 0x00000000e0600000, 0x00000000e0600000|100%| O|  |TAMS 0x00000000e0500000, 0x00000000e0500000| Untracked 
|   6|0x00000000e0600000, 0x00000000e0700000, 0x00000000e0700000|100%| O|  |TAMS 0x00000000e0600000, 0x00000000e0600000| Untracked 
|   7|0x00000000e0700000, 0x00000000e0800000, 0x00000000e0800000|100%| O|  |TAMS 0x00000000e0700000, 0x00000000e0700000| Untracked 
|   8|0x00000000e0800000, 0x00000000e0900000, 0x00000000e0900000|100%| O|  |TAMS 0x00000000e0800000, 0x00000000e0800000| Untracked 
|   9|0x00000000e0900000, 0x00000000e0a00000, 0x00000000e0a00000|100%| O|  |TAMS 0x00000000e0900000, 0x00000000e0900000| Untracked 
|  10|0x00000000e0a00000, 0x00000000e0aeac00, 0x00000000e0b00000| 91%| O|  |TAMS 0x00000000e0a00000, 0x00000000e0a00000| Untracked 
|  11|0x00000000e0b00000, 0x00000000e0c00000, 0x00000000e0c00000|100%|HS|  |TAMS 0x00000000e0b00000, 0x00000000e0b00000| Complete 
|  12|0x00000000e0c00000, 0x00000000e0d00000, 0x00000000e0d00000|100%|HS|  |TAMS 0x00000000e0c00000, 0x00000000e0c00000| Complete 
|  13|0x00000000e0d00000, 0x00000000e0d00000, 0x00000000e0e00000|  0%| F|  |TAMS 0x00000000e0d00000, 0x00000000e0d00000| Untracked 
|  14|0x00000000e0e00000, 0x00000000e0e00000, 0x00000000e0f00000|  0%| F|  |TAMS 0x00000000e0e00000, 0x00000000e0e00000| Untracked 
|  15|0x00000000e0f00000, 0x00000000e0f00000, 0x00000000e1000000|  0%| F|  |TAMS 0x00000000e0f00000, 0x00000000e0f00000| Untracked 
|  16|0x00000000e1000000, 0x00000000e1000000, 0x00000000e1100000|  0%| F|  |TAMS 0x00000000e1000000, 0x00000000e1000000| Untracked 
|  17|0x00000000e1100000, 0x00000000e1100000, 0x00000000e1200000|  0%| F|  |TAMS 0x00000000e1100000, 0x00000000e1100000| Untracked 
|  18|0x00000000e1200000, 0x00000000e1200000, 0x00000000e1300000|  0%| F|  |TAMS 0x00000000e1200000, 0x00000000e1200000| Untracked 
|  19|0x00000000e1300000, 0x00000000e1300000, 0x00000000e1400000|  0%| F|  |TAMS 0x00000000e1300000, 0x00000000e1300000| Untracked 
|  20|0x00000000e1400000, 0x00000000e1400000, 0x00000000e1500000|  0%| F|  |TAMS 0x00000000e1400000, 0x00000000e1400000| Untracked 
|  21|0x00000000e1500000, 0x00000000e1500000, 0x00000000e1600000|  0%| F|  |TAMS 0x00000000e1500000, 0x00000000e1500000| Untracked 
|  22|0x00000000e1600000, 0x00000000e1600000, 0x00000000e1700000|  0%| F|  |TAMS 0x00000000e1600000, 0x00000000e1600000| Untracked 
|  23|0x00000000e1700000, 0x00000000e1700000, 0x00000000e1800000|  0%| F|  |TAMS 0x00000000e1700000, 0x00000000e1700000| Untracked 
|  24|0x00000000e1800000, 0x00000000e1800000, 0x00000000e1900000|  0%| F|  |TAMS 0x00000000e1800000, 0x00000000e1800000| Untracked 
|  25|0x00000000e1900000, 0x00000000e1900000, 0x00000000e1a00000|  0%| F|  |TAMS 0x00000000e1900000, 0x00000000e1900000| Untracked 
|  26|0x00000000e1a00000, 0x00000000e1a00000, 0x00000000e1b00000|  0%| F|  |TAMS 0x00000000e1a00000, 0x00000000e1a00000| Untracked 
|  27|0x00000000e1b00000, 0x00000000e1b00000, 0x00000000e1c00000|  0%| F|  |TAMS 0x00000000e1b00000, 0x00000000e1b00000| Untracked 
|  28|0x00000000e1c00000, 0x00000000e1c00000, 0x00000000e1d00000|  0%| F|  |TAMS 0x00000000e1c00000, 0x00000000e1c00000| Untracked 
|  29|0x00000000e1d00000, 0x00000000e1d00000, 0x00000000e1e00000|  0%| F|  |TAMS 0x00000000e1d00000, 0x00000000e1d00000| Untracked 
|  30|0x00000000e1e00000, 0x00000000e1e00000, 0x00000000e1f00000|  0%| F|  |TAMS 0x00000000e1e00000, 0x00000000e1e00000| Untracked 
|  31|0x00000000e1f00000, 0x00000000e1f00000, 0x00000000e2000000|  0%| F|  |TAMS 0x00000000e1f00000, 0x00000000e1f00000| Untracked 
|  32|0x00000000e2000000, 0x00000000e2000000, 0x00000000e2100000|  0%| F|  |TAMS 0x00000000e2000000, 0x00000000e2000000| Untracked 
|  33|0x00000000e2100000, 0x00000000e2100000, 0x00000000e2200000|  0%| F|  |TAMS 0x00000000e2100000, 0x00000000e2100000| Untracked 
|  34|0x00000000e2200000, 0x00000000e2200000, 0x00000000e2300000|  0%| F|  |TAMS 0x00000000e2200000, 0x00000000e2200000| Untracked 
|  35|0x00000000e2300000, 0x00000000e2300000, 0x00000000e2400000|  0%| F|  |TAMS 0x00000000e2300000, 0x00000000e2300000| Untracked 
|  36|0x00000000e2400000, 0x00000000e2400000, 0x00000000e2500000|  0%| F|  |TAMS 0x00000000e2400000, 0x00000000e2400000| Untracked 
|  37|0x00000000e2500000, 0x00000000e2500000, 0x00000000e2600000|  0%| F|  |TAMS 0x00000000e2500000, 0x00000000e2500000| Untracked 
|  38|0x00000000e2600000, 0x00000000e2600000, 0x00000000e2700000|  0%| F|  |TAMS 0x00000000e2600000, 0x00000000e2600000| Untracked 
|  39|0x00000000e2700000, 0x00000000e2700000, 0x00000000e2800000|  0%| F|  |TAMS 0x00000000e2700000, 0x00000000e2700000| Untracked 
|  40|0x00000000e2800000, 0x00000000e2800000, 0x00000000e2900000|  0%| F|  |TAMS 0x00000000e2800000, 0x00000000e2800000| Untracked 
|  41|0x00000000e2900000, 0x00000000e2900000, 0x00000000e2a00000|  0%| F|  |TAMS 0x00000000e2900000, 0x00000000e2900000| Untracked 
|  42|0x00000000e2a00000, 0x00000000e2a00000, 0x00000000e2b00000|  0%| F|  |TAMS 0x00000000e2a00000, 0x00000000e2a00000| Untracked 
|  43|0x00000000e2b00000, 0x00000000e2b00000, 0x00000000e2c00000|  0%| F|  |TAMS 0x00000000e2b00000, 0x00000000e2b00000| Untracked 
|  44|0x00000000e2c00000, 0x00000000e2c00000, 0x00000000e2d00000|  0%| F|  |TAMS 0x00000000e2c00000, 0x00000000e2c00000| Untracked 
|  45|0x00000000e2d00000, 0x00000000e2d00000, 0x00000000e2e00000|  0%| F|  |TAMS 0x00000000e2d00000, 0x00000000e2d00000| Untracked 
|  46|0x00000000e2e00000, 0x00000000e2e00000, 0x00000000e2f00000|  0%| F|  |TAMS 0x00000000e2e00000, 0x00000000e2e00000| Untracked 
|  47|0x00000000e2f00000, 0x00000000e2f00000, 0x00000000e3000000|  0%| F|  |TAMS 0x00000000e2f00000, 0x00000000e2f00000| Untracked 
|  48|0x00000000e3000000, 0x00000000e3000000, 0x00000000e3100000|  0%| F|  |TAMS 0x00000000e3000000, 0x00000000e3000000| Untracked 
|  49|0x00000000e3100000, 0x00000000e3100000, 0x00000000e3200000|  0%| F|  |TAMS 0x00000000e3100000, 0x00000000e3100000| Untracked 
|  50|0x00000000e3200000, 0x00000000e3200000, 0x00000000e3300000|  0%| F|  |TAMS 0x00000000e3200000, 0x00000000e3200000| Untracked 
|  51|0x00000000e3300000, 0x00000000e3300000, 0x00000000e3400000|  0%| F|  |TAMS 0x00000000e3300000, 0x00000000e3300000| Untracked 
|  52|0x00000000e3400000, 0x00000000e3400000, 0x00000000e3500000|  0%| F|  |TAMS 0x00000000e3400000, 0x00000000e3400000| Untracked 
|  53|0x00000000e3500000, 0x00000000e3500000, 0x00000000e3600000|  0%| F|  |TAMS 0x00000000e3500000, 0x00000000e3500000| Untracked 
|  54|0x00000000e3600000, 0x00000000e3600000, 0x00000000e3700000|  0%| F|  |TAMS 0x00000000e3600000, 0x00000000e3600000| Untracked 
|  55|0x00000000e3700000, 0x00000000e3700000, 0x00000000e3800000|  0%| F|  |TAMS 0x00000000e3700000, 0x00000000e3700000| Untracked 
|  56|0x00000000e3800000, 0x00000000e3800000, 0x00000000e3900000|  0%| F|  |TAMS 0x00000000e3800000, 0x00000000e3800000| Untracked 
|  57|0x00000000e3900000, 0x00000000e3900000, 0x00000000e3a00000|  0%| F|  |TAMS 0x00000000e3900000, 0x00000000e3900000| Untracked 
|  58|0x00000000e3a00000, 0x00000000e3a00000, 0x00000000e3b00000|  0%| F|  |TAMS 0x00000000e3a00000, 0x00000000e3a00000| Untracked 
|  59|0x00000000e3b00000, 0x00000000e3b00000, 0x00000000e3c00000|  0%| F|  |TAMS 0x00000000e3b00000, 0x00000000e3b00000| Untracked 
|  60|0x00000000e3c00000, 0x00000000e3c00000, 0x00000000e3d00000|  0%| F|  |TAMS 0x00000000e3c00000, 0x00000000e3c00000| Untracked 
|  61|0x00000000e3d00000, 0x00000000e3d00000, 0x00000000e3e00000|  0%| F|  |TAMS 0x00000000e3d00000, 0x00000000e3d00000| Untracked 
|  62|0x00000000e3e00000, 0x00000000e3e00000, 0x00000000e3f00000|  0%| F|  |TAMS 0x00000000e3e00000, 0x00000000e3e00000| Untracked 
|  63|0x00000000e3f00000, 0x00000000e3f00000, 0x00000000e4000000|  0%| F|  |TAMS 0x00000000e3f00000, 0x00000000e3f00000| Untracked 
|  64|0x00000000e4000000, 0x00000000e4000000, 0x00000000e4100000|  0%| F|  |TAMS 0x00000000e4000000, 0x00000000e4000000| Untracked 
|  65|0x00000000e4100000, 0x00000000e4100000, 0x00000000e4200000|  0%| F|  |TAMS 0x00000000e4100000, 0x00000000e4100000| Untracked 
|  66|0x00000000e4200000, 0x00000000e4200000, 0x00000000e4300000|  0%| F|  |TAMS 0x00000000e4200000, 0x00000000e4200000| Untracked 
|  67|0x00000000e4300000, 0x00000000e4300000, 0x00000000e4400000|  0%| F|  |TAMS 0x00000000e4300000, 0x00000000e4300000| Untracked 
|  68|0x00000000e4400000, 0x00000000e4400000, 0x00000000e4500000|  0%| F|  |TAMS 0x00000000e4400000, 0x00000000e4400000| Untracked 
|  69|0x00000000e4500000, 0x00000000e4500000, 0x00000000e4600000|  0%| F|  |TAMS 0x00000000e4500000, 0x00000000e4500000| Untracked 
|  70|0x00000000e4600000, 0x00000000e4600000, 0x00000000e4700000|  0%| F|  |TAMS 0x00000000e4600000, 0x00000000e4600000| Untracked 
|  71|0x00000000e4700000, 0x00000000e4700000, 0x00000000e4800000|  0%| F|  |TAMS 0x00000000e4700000, 0x00000000e4700000| Untracked 
|  72|0x00000000e4800000, 0x00000000e4800000, 0x00000000e4900000|  0%| F|  |TAMS 0x00000000e4800000, 0x00000000e4800000| Untracked 
|  73|0x00000000e4900000, 0x00000000e4900000, 0x00000000e4a00000|  0%| F|  |TAMS 0x00000000e4900000, 0x00000000e4900000| Untracked 
|  74|0x00000000e4a00000, 0x00000000e4a00000, 0x00000000e4b00000|  0%| F|  |TAMS 0x00000000e4a00000, 0x00000000e4a00000| Untracked 
|  75|0x00000000e4b00000, 0x00000000e4b00000, 0x00000000e4c00000|  0%| F|  |TAMS 0x00000000e4b00000, 0x00000000e4b00000| Untracked 
|  76|0x00000000e4c00000, 0x00000000e4c00000, 0x00000000e4d00000|  0%| F|  |TAMS 0x00000000e4c00000, 0x00000000e4c00000| Untracked 
|  77|0x00000000e4d00000, 0x00000000e4d00000, 0x00000000e4e00000|  0%| F|  |TAMS 0x00000000e4d00000, 0x00000000e4d00000| Untracked 
|  78|0x00000000e4e00000, 0x00000000e4e00000, 0x00000000e4f00000|  0%| F|  |TAMS 0x00000000e4e00000, 0x00000000e4e00000| Untracked 
|  79|0x00000000e4f00000, 0x00000000e4f00000, 0x00000000e5000000|  0%| F|  |TAMS 0x00000000e4f00000, 0x00000000e4f00000| Untracked 
|  80|0x00000000e5000000, 0x00000000e5000000, 0x00000000e5100000|  0%| F|  |TAMS 0x00000000e5000000, 0x00000000e5000000| Untracked 
|  81|0x00000000e5100000, 0x00000000e5100000, 0x00000000e5200000|  0%| F|  |TAMS 0x00000000e5100000, 0x00000000e5100000| Untracked 
|  82|0x00000000e5200000, 0x00000000e5200000, 0x00000000e5300000|  0%| F|  |TAMS 0x00000000e5200000, 0x00000000e5200000| Untracked 
|  83|0x00000000e5300000, 0x00000000e5300000, 0x00000000e5400000|  0%| F|  |TAMS 0x00000000e5300000, 0x00000000e5300000| Untracked 
|  84|0x00000000e5400000, 0x00000000e5400000, 0x00000000e5500000|  0%| F|  |TAMS 0x00000000e5400000, 0x00000000e5400000| Untracked 
|  85|0x00000000e5500000, 0x00000000e5500000, 0x00000000e5600000|  0%| F|  |TAMS 0x00000000e5500000, 0x00000000e5500000| Untracked 
|  86|0x00000000e5600000, 0x00000000e5600000, 0x00000000e5700000|  0%| F|  |TAMS 0x00000000e5600000, 0x00000000e5600000| Untracked 
|  87|0x00000000e5700000, 0x00000000e5700000, 0x00000000e5800000|  0%| F|  |TAMS 0x00000000e5700000, 0x00000000e5700000| Untracked 
|  88|0x00000000e5800000, 0x00000000e5800000, 0x00000000e5900000|  0%| F|  |TAMS 0x00000000e5800000, 0x00000000e5800000| Untracked 
|  89|0x00000000e5900000, 0x00000000e5900000, 0x00000000e5a00000|  0%| F|  |TAMS 0x00000000e5900000, 0x00000000e5900000| Untracked 
|  90|0x00000000e5a00000, 0x00000000e5a00000, 0x00000000e5b00000|  0%| F|  |TAMS 0x00000000e5a00000, 0x00000000e5a00000| Untracked 
|  91|0x00000000e5b00000, 0x00000000e5b00000, 0x00000000e5c00000|  0%| F|  |TAMS 0x00000000e5b00000, 0x00000000e5b00000| Untracked 
|  92|0x00000000e5c00000, 0x00000000e5c00000, 0x00000000e5d00000|  0%| F|  |TAMS 0x00000000e5c00000, 0x00000000e5c00000| Untracked 
|  93|0x00000000e5d00000, 0x00000000e5d00000, 0x00000000e5e00000|  0%| F|  |TAMS 0x00000000e5d00000, 0x00000000e5d00000| Untracked 
|  94|0x00000000e5e00000, 0x00000000e5e00000, 0x00000000e5f00000|  0%| F|  |TAMS 0x00000000e5e00000, 0x00000000e5e00000| Untracked 
|  95|0x00000000e5f00000, 0x00000000e5f00000, 0x00000000e6000000|  0%| F|  |TAMS 0x00000000e5f00000, 0x00000000e5f00000| Untracked 
|  96|0x00000000e6000000, 0x00000000e6000000, 0x00000000e6100000|  0%| F|  |TAMS 0x00000000e6000000, 0x00000000e6000000| Untracked 
|  97|0x00000000e6100000, 0x00000000e6100000, 0x00000000e6200000|  0%| F|  |TAMS 0x00000000e6100000, 0x00000000e6100000| Untracked 
|  98|0x00000000e6200000, 0x00000000e6200000, 0x00000000e6300000|  0%| F|  |TAMS 0x00000000e6200000, 0x00000000e6200000| Untracked 
|  99|0x00000000e6300000, 0x00000000e6300000, 0x00000000e6400000|  0%| F|  |TAMS 0x00000000e6300000, 0x00000000e6300000| Untracked 
| 100|0x00000000e6400000, 0x00000000e6400000, 0x00000000e6500000|  0%| F|  |TAMS 0x00000000e6400000, 0x00000000e6400000| Untracked 
| 101|0x00000000e6500000, 0x00000000e6500000, 0x00000000e6600000|  0%| F|  |TAMS 0x00000000e6500000, 0x00000000e6500000| Untracked 
| 102|0x00000000e6600000, 0x00000000e6600000, 0x00000000e6700000|  0%| F|  |TAMS 0x00000000e6600000, 0x00000000e6600000| Untracked 
| 103|0x00000000e6700000, 0x00000000e6700000, 0x00000000e6800000|  0%| F|  |TAMS 0x00000000e6700000, 0x00000000e6700000| Untracked 
| 104|0x00000000e6800000, 0x00000000e6800000, 0x00000000e6900000|  0%| F|  |TAMS 0x00000000e6800000, 0x00000000e6800000| Untracked 
| 105|0x00000000e6900000, 0x00000000e6900000, 0x00000000e6a00000|  0%| F|  |TAMS 0x00000000e6900000, 0x00000000e6900000| Untracked 
| 106|0x00000000e6a00000, 0x00000000e6a00000, 0x00000000e6b00000|  0%| F|  |TAMS 0x00000000e6a00000, 0x00000000e6a00000| Untracked 
| 107|0x00000000e6b00000, 0x00000000e6b00000, 0x00000000e6c00000|  0%| F|  |TAMS 0x00000000e6b00000, 0x00000000e6b00000| Untracked 
| 108|0x00000000e6c00000, 0x00000000e6c00000, 0x00000000e6d00000|  0%| F|  |TAMS 0x00000000e6c00000, 0x00000000e6c00000| Untracked 
| 109|0x00000000e6d00000, 0x00000000e6d00000, 0x00000000e6e00000|  0%| F|  |TAMS 0x00000000e6d00000, 0x00000000e6d00000| Untracked 
| 110|0x00000000e6e00000, 0x00000000e6e00000, 0x00000000e6f00000|  0%| F|  |TAMS 0x00000000e6e00000, 0x00000000e6e00000| Untracked 
| 111|0x00000000e6f00000, 0x00000000e6f00000, 0x00000000e7000000|  0%| F|  |TAMS 0x00000000e6f00000, 0x00000000e6f00000| Untracked 
| 112|0x00000000e7000000, 0x00000000e7000000, 0x00000000e7100000|  0%| F|  |TAMS 0x00000000e7000000, 0x00000000e7000000| Untracked 
| 113|0x00000000e7100000, 0x00000000e7100000, 0x00000000e7200000|  0%| F|  |TAMS 0x00000000e7100000, 0x00000000e7100000| Untracked 
| 114|0x00000000e7200000, 0x00000000e7200000, 0x00000000e7300000|  0%| F|  |TAMS 0x00000000e7200000, 0x00000000e7200000| Untracked 
| 115|0x00000000e7300000, 0x00000000e7300000, 0x00000000e7400000|  0%| F|  |TAMS 0x00000000e7300000, 0x00000000e7300000| Untracked 
| 116|0x00000000e7400000, 0x00000000e7400000, 0x00000000e7500000|  0%| F|  |TAMS 0x00000000e7400000, 0x00000000e7400000| Untracked 
| 117|0x00000000e7500000, 0x00000000e7500000, 0x00000000e7600000|  0%| F|  |TAMS 0x00000000e7500000, 0x00000000e7500000| Untracked 
| 118|0x00000000e7600000, 0x00000000e7600000, 0x00000000e7700000|  0%| F|  |TAMS 0x00000000e7600000, 0x00000000e7600000| Untracked 
| 119|0x00000000e7700000, 0x00000000e7700000, 0x00000000e7800000|  0%| F|  |TAMS 0x00000000e7700000, 0x00000000e7700000| Untracked 
| 120|0x00000000e7800000, 0x00000000e7800000, 0x00000000e7900000|  0%| F|  |TAMS 0x00000000e7800000, 0x00000000e7800000| Untracked 
| 121|0x00000000e7900000, 0x00000000e7900000, 0x00000000e7a00000|  0%| F|  |TAMS 0x00000000e7900000, 0x00000000e7900000| Untracked 
| 122|0x00000000e7a00000, 0x00000000e7a00000, 0x00000000e7b00000|  0%| F|  |TAMS 0x00000000e7a00000, 0x00000000e7a00000| Untracked 
| 123|0x00000000e7b00000, 0x00000000e7b00000, 0x00000000e7c00000|  0%| F|  |TAMS 0x00000000e7b00000, 0x00000000e7b00000| Untracked 
| 124|0x00000000e7c00000, 0x00000000e7c00000, 0x00000000e7d00000|  0%| F|  |TAMS 0x00000000e7c00000, 0x00000000e7c00000| Untracked 
| 125|0x00000000e7d00000, 0x00000000e7d00000, 0x00000000e7e00000|  0%| F|  |TAMS 0x00000000e7d00000, 0x00000000e7d00000| Untracked 
| 126|0x00000000e7e00000, 0x00000000e7e00000, 0x00000000e7f00000|  0%| F|  |TAMS 0x00000000e7e00000, 0x00000000e7e00000| Untracked 
| 127|0x00000000e7f00000, 0x00000000e7f00000, 0x00000000e8000000|  0%| F|  |TAMS 0x00000000e7f00000, 0x00000000e7f00000| Untracked 
| 128|0x00000000e8000000, 0x00000000e8000000, 0x00000000e8100000|  0%| F|  |TAMS 0x00000000e8000000, 0x00000000e8000000| Untracked 
| 129|0x00000000e8100000, 0x00000000e8100000, 0x00000000e8200000|  0%| F|  |TAMS 0x00000000e8100000, 0x00000000e8100000| Untracked 
| 130|0x00000000e8200000, 0x00000000e8200000, 0x00000000e8300000|  0%| F|  |TAMS 0x00000000e8200000, 0x00000000e8200000| Untracked 
| 131|0x00000000e8300000, 0x00000000e8300000, 0x00000000e8400000|  0%| F|  |TAMS 0x00000000e8300000, 0x00000000e8300000| Untracked 
| 132|0x00000000e8400000, 0x00000000e8400000, 0x00000000e8500000|  0%| F|  |TAMS 0x00000000e8400000, 0x00000000e8400000| Untracked 
| 133|0x00000000e8500000, 0x00000000e8500000, 0x00000000e8600000|  0%| F|  |TAMS 0x00000000e8500000, 0x00000000e8500000| Untracked 
| 134|0x00000000e8600000, 0x00000000e8600000, 0x00000000e8700000|  0%| F|  |TAMS 0x00000000e8600000, 0x00000000e8600000| Untracked 
| 135|0x00000000e8700000, 0x00000000e8700000, 0x00000000e8800000|  0%| F|  |TAMS 0x00000000e8700000, 0x00000000e8700000| Untracked 
| 136|0x00000000e8800000, 0x00000000e8800000, 0x00000000e8900000|  0%| F|  |TAMS 0x00000000e8800000, 0x00000000e8800000| Untracked 
| 137|0x00000000e8900000, 0x00000000e8900000, 0x00000000e8a00000|  0%| F|  |TAMS 0x00000000e8900000, 0x00000000e8900000| Untracked 
| 138|0x00000000e8a00000, 0x00000000e8a00000, 0x00000000e8b00000|  0%| F|  |TAMS 0x00000000e8a00000, 0x00000000e8a00000| Untracked 
| 139|0x00000000e8b00000, 0x00000000e8b00000, 0x00000000e8c00000|  0%| F|  |TAMS 0x00000000e8b00000, 0x00000000e8b00000| Untracked 
| 140|0x00000000e8c00000, 0x00000000e8c00000, 0x00000000e8d00000|  0%| F|  |TAMS 0x00000000e8c00000, 0x00000000e8c00000| Untracked 
| 141|0x00000000e8d00000, 0x00000000e8d00000, 0x00000000e8e00000|  0%| F|  |TAMS 0x00000000e8d00000, 0x00000000e8d00000| Untracked 
| 142|0x00000000e8e00000, 0x00000000e8e00000, 0x00000000e8f00000|  0%| F|  |TAMS 0x00000000e8e00000, 0x00000000e8e00000| Untracked 
| 143|0x00000000e8f00000, 0x00000000e8f00000, 0x00000000e9000000|  0%| F|  |TAMS 0x00000000e8f00000, 0x00000000e8f00000| Untracked 
| 144|0x00000000e9000000, 0x00000000e9000000, 0x00000000e9100000|  0%| F|  |TAMS 0x00000000e9000000, 0x00000000e9000000| Untracked 
| 145|0x00000000e9100000, 0x00000000e9100000, 0x00000000e9200000|  0%| F|  |TAMS 0x00000000e9100000, 0x00000000e9100000| Untracked 
| 146|0x00000000e9200000, 0x00000000e9200000, 0x00000000e9300000|  0%| F|  |TAMS 0x00000000e9200000, 0x00000000e9200000| Untracked 
| 147|0x00000000e9300000, 0x00000000e9300000, 0x00000000e9400000|  0%| F|  |TAMS 0x00000000e9300000, 0x00000000e9300000| Untracked 
| 148|0x00000000e9400000, 0x00000000e9400000, 0x00000000e9500000|  0%| F|  |TAMS 0x00000000e9400000, 0x00000000e9400000| Untracked 
| 149|0x00000000e9500000, 0x00000000e9500000, 0x00000000e9600000|  0%| F|  |TAMS 0x00000000e9500000, 0x00000000e9500000| Untracked 
| 150|0x00000000e9600000, 0x00000000e9600000, 0x00000000e9700000|  0%| F|  |TAMS 0x00000000e9600000, 0x00000000e9600000| Untracked 
| 151|0x00000000e9700000, 0x00000000e9700000, 0x00000000e9800000|  0%| F|  |TAMS 0x00000000e9700000, 0x00000000e9700000| Untracked 
| 152|0x00000000e9800000, 0x00000000e9800000, 0x00000000e9900000|  0%| F|  |TAMS 0x00000000e9800000, 0x00000000e9800000| Untracked 
| 153|0x00000000e9900000, 0x00000000e9900000, 0x00000000e9a00000|  0%| F|  |TAMS 0x00000000e9900000, 0x00000000e9900000| Untracked 
| 154|0x00000000e9a00000, 0x00000000e9a00000, 0x00000000e9b00000|  0%| F|  |TAMS 0x00000000e9a00000, 0x00000000e9a00000| Untracked 
| 155|0x00000000e9b00000, 0x00000000e9b00000, 0x00000000e9c00000|  0%| F|  |TAMS 0x00000000e9b00000, 0x00000000e9b00000| Untracked 
| 156|0x00000000e9c00000, 0x00000000e9c00000, 0x00000000e9d00000|  0%| F|  |TAMS 0x00000000e9c00000, 0x00000000e9c00000| Untracked 
| 157|0x00000000e9d00000, 0x00000000e9d00000, 0x00000000e9e00000|  0%| F|  |TAMS 0x00000000e9d00000, 0x00000000e9d00000| Untracked 
| 158|0x00000000e9e00000, 0x00000000e9e00000, 0x00000000e9f00000|  0%| F|  |TAMS 0x00000000e9e00000, 0x00000000e9e00000| Untracked 
| 159|0x00000000e9f00000, 0x00000000e9f00000, 0x00000000ea000000|  0%| F|  |TAMS 0x00000000e9f00000, 0x00000000e9f00000| Untracked 
| 160|0x00000000ea000000, 0x00000000ea000000, 0x00000000ea100000|  0%| F|  |TAMS 0x00000000ea000000, 0x00000000ea000000| Untracked 
| 161|0x00000000ea100000, 0x00000000ea200000, 0x00000000ea200000|100%| E|  |TAMS 0x00000000ea100000, 0x00000000ea100000| Complete 
| 162|0x00000000ea200000, 0x00000000ea300000, 0x00000000ea300000|100%| E|CS|TAMS 0x00000000ea200000, 0x00000000ea200000| Complete 
| 163|0x00000000ea300000, 0x00000000ea400000, 0x00000000ea400000|100%| E|CS|TAMS 0x00000000ea300000, 0x00000000ea300000| Complete 
| 164|0x00000000ea400000, 0x00000000ea500000, 0x00000000ea500000|100%| E|CS|TAMS 0x00000000ea400000, 0x00000000ea400000| Complete 
| 165|0x00000000ea500000, 0x00000000ea600000, 0x00000000ea600000|100%| E|CS|TAMS 0x00000000ea500000, 0x00000000ea500000| Complete 
| 166|0x00000000ea600000, 0x00000000ea700000, 0x00000000ea700000|100%| E|CS|TAMS 0x00000000ea600000, 0x00000000ea600000| Complete 
| 167|0x00000000ea700000, 0x00000000ea800000, 0x00000000ea800000|100%| E|CS|TAMS 0x00000000ea700000, 0x00000000ea700000| Complete 
| 168|0x00000000ea800000, 0x00000000ea900000, 0x00000000ea900000|100%| E|CS|TAMS 0x00000000ea800000, 0x00000000ea800000| Complete 
| 169|0x00000000ea900000, 0x00000000eaa00000, 0x00000000eaa00000|100%| E|CS|TAMS 0x00000000ea900000, 0x00000000ea900000| Complete 
| 170|0x00000000eaa00000, 0x00000000eab00000, 0x00000000eab00000|100%| E|CS|TAMS 0x00000000eaa00000, 0x00000000eaa00000| Complete 
| 171|0x00000000eab00000, 0x00000000eac00000, 0x00000000eac00000|100%| E|CS|TAMS 0x00000000eab00000, 0x00000000eab00000| Complete 
| 172|0x00000000eac00000, 0x00000000ead00000, 0x00000000ead00000|100%| E|CS|TAMS 0x00000000eac00000, 0x00000000eac00000| Complete 
| 173|0x00000000ead00000, 0x00000000eae00000, 0x00000000eae00000|100%| E|CS|TAMS 0x00000000ead00000, 0x00000000ead00000| Complete 
| 174|0x00000000eae00000, 0x00000000eaf00000, 0x00000000eaf00000|100%| E|CS|TAMS 0x00000000eae00000, 0x00000000eae00000| Complete 
| 175|0x00000000eaf00000, 0x00000000eb000000, 0x00000000eb000000|100%| E|CS|TAMS 0x00000000eaf00000, 0x00000000eaf00000| Complete 
| 176|0x00000000eb000000, 0x00000000eb100000, 0x00000000eb100000|100%| E|CS|TAMS 0x00000000eb000000, 0x00000000eb000000| Complete 
| 177|0x00000000eb100000, 0x00000000eb200000, 0x00000000eb200000|100%| E|CS|TAMS 0x00000000eb100000, 0x00000000eb100000| Complete 
| 178|0x00000000eb200000, 0x00000000eb300000, 0x00000000eb300000|100%| E|CS|TAMS 0x00000000eb200000, 0x00000000eb200000| Complete 
| 179|0x00000000eb300000, 0x00000000eb400000, 0x00000000eb400000|100%| E|CS|TAMS 0x00000000eb300000, 0x00000000eb300000| Complete 
| 180|0x00000000eb400000, 0x00000000eb500000, 0x00000000eb500000|100%| E|CS|TAMS 0x00000000eb400000, 0x00000000eb400000| Complete 
| 181|0x00000000eb500000, 0x00000000eb600000, 0x00000000eb600000|100%| E|CS|TAMS 0x00000000eb500000, 0x00000000eb500000| Complete 
| 182|0x00000000eb600000, 0x00000000eb700000, 0x00000000eb700000|100%| E|CS|TAMS 0x00000000eb600000, 0x00000000eb600000| Complete 
| 183|0x00000000eb700000, 0x00000000eb800000, 0x00000000eb800000|100%| E|CS|TAMS 0x00000000eb700000, 0x00000000eb700000| Complete 
| 184|0x00000000eb800000, 0x00000000eb900000, 0x00000000eb900000|100%| E|CS|TAMS 0x00000000eb800000, 0x00000000eb800000| Complete 
| 185|0x00000000eb900000, 0x00000000eba00000, 0x00000000eba00000|100%| E|CS|TAMS 0x00000000eb900000, 0x00000000eb900000| Complete 
| 186|0x00000000eba00000, 0x00000000ebb00000, 0x00000000ebb00000|100%| E|CS|TAMS 0x00000000eba00000, 0x00000000eba00000| Complete 
| 187|0x00000000ebb00000, 0x00000000ebc00000, 0x00000000ebc00000|100%| E|CS|TAMS 0x00000000ebb00000, 0x00000000ebb00000| Complete 
| 188|0x00000000ebc00000, 0x00000000ebd00000, 0x00000000ebd00000|100%| E|CS|TAMS 0x00000000ebc00000, 0x00000000ebc00000| Complete 
| 189|0x00000000ebd00000, 0x00000000ebe00000, 0x00000000ebe00000|100%| E|CS|TAMS 0x00000000ebd00000, 0x00000000ebd00000| Complete 
| 190|0x00000000ebe00000, 0x00000000ebf00000, 0x00000000ebf00000|100%| E|CS|TAMS 0x00000000ebe00000, 0x00000000ebe00000| Complete 
| 191|0x00000000ebf00000, 0x00000000ec000000, 0x00000000ec000000|100%| E|CS|TAMS 0x00000000ebf00000, 0x00000000ebf00000| Complete 
| 192|0x00000000ec000000, 0x00000000ec100000, 0x00000000ec100000|100%| E|CS|TAMS 0x00000000ec000000, 0x00000000ec000000| Complete 
| 193|0x00000000ec100000, 0x00000000ec200000, 0x00000000ec200000|100%| E|CS|TAMS 0x00000000ec100000, 0x00000000ec100000| Complete 
| 194|0x00000000ec200000, 0x00000000ec300000, 0x00000000ec300000|100%| E|CS|TAMS 0x00000000ec200000, 0x00000000ec200000| Complete 
| 195|0x00000000ec300000, 0x00000000ec400000, 0x00000000ec400000|100%| E|CS|TAMS 0x00000000ec300000, 0x00000000ec300000| Complete 
| 196|0x00000000ec400000, 0x00000000ec500000, 0x00000000ec500000|100%| E|CS|TAMS 0x00000000ec400000, 0x00000000ec400000| Complete 
| 197|0x00000000ec500000, 0x00000000ec600000, 0x00000000ec600000|100%| E|CS|TAMS 0x00000000ec500000, 0x00000000ec500000| Complete 
| 198|0x00000000ec600000, 0x00000000ec700000, 0x00000000ec700000|100%| E|CS|TAMS 0x00000000ec600000, 0x00000000ec600000| Complete 
| 199|0x00000000ec700000, 0x00000000ec800000, 0x00000000ec800000|100%| E|CS|TAMS 0x00000000ec700000, 0x00000000ec700000| Complete 
| 200|0x00000000ec800000, 0x00000000ec900000, 0x00000000ec900000|100%| E|CS|TAMS 0x00000000ec800000, 0x00000000ec800000| Complete 
| 201|0x00000000ec900000, 0x00000000eca00000, 0x00000000eca00000|100%| E|CS|TAMS 0x00000000ec900000, 0x00000000ec900000| Complete 
| 202|0x00000000eca00000, 0x00000000ecb00000, 0x00000000ecb00000|100%| E|CS|TAMS 0x00000000eca00000, 0x00000000eca00000| Complete 
| 203|0x00000000ecb00000, 0x00000000ecc00000, 0x00000000ecc00000|100%| E|CS|TAMS 0x00000000ecb00000, 0x00000000ecb00000| Complete 
| 204|0x00000000ecc00000, 0x00000000ecd00000, 0x00000000ecd00000|100%| E|CS|TAMS 0x00000000ecc00000, 0x00000000ecc00000| Complete 
| 205|0x00000000ecd00000, 0x00000000ece00000, 0x00000000ece00000|100%| E|CS|TAMS 0x00000000ecd00000, 0x00000000ecd00000| Complete 
| 206|0x00000000ece00000, 0x00000000ecf00000, 0x00000000ecf00000|100%| E|CS|TAMS 0x00000000ece00000, 0x00000000ece00000| Complete 
| 207|0x00000000ecf00000, 0x00000000ed000000, 0x00000000ed000000|100%| E|CS|TAMS 0x00000000ecf00000, 0x00000000ecf00000| Complete 
| 208|0x00000000ed000000, 0x00000000ed100000, 0x00000000ed100000|100%| E|CS|TAMS 0x00000000ed000000, 0x00000000ed000000| Complete 
| 209|0x00000000ed100000, 0x00000000ed200000, 0x00000000ed200000|100%| E|CS|TAMS 0x00000000ed100000, 0x00000000ed100000| Complete 
| 210|0x00000000ed200000, 0x00000000ed300000, 0x00000000ed300000|100%| E|CS|TAMS 0x00000000ed200000, 0x00000000ed200000| Complete 
| 211|0x00000000ed300000, 0x00000000ed400000, 0x00000000ed400000|100%| E|CS|TAMS 0x00000000ed300000, 0x00000000ed300000| Complete 
| 212|0x00000000ed400000, 0x00000000ed500000, 0x00000000ed500000|100%| E|CS|TAMS 0x00000000ed400000, 0x00000000ed400000| Complete 
| 213|0x00000000ed500000, 0x00000000ed600000, 0x00000000ed600000|100%| E|CS|TAMS 0x00000000ed500000, 0x00000000ed500000| Complete 
| 214|0x00000000ed600000, 0x00000000ed700000, 0x00000000ed700000|100%| E|CS|TAMS 0x00000000ed600000, 0x00000000ed600000| Complete 
| 215|0x00000000ed700000, 0x00000000ed800000, 0x00000000ed800000|100%| E|CS|TAMS 0x00000000ed700000, 0x00000000ed700000| Complete 
| 216|0x00000000ed800000, 0x00000000ed900000, 0x00000000ed900000|100%| E|CS|TAMS 0x00000000ed800000, 0x00000000ed800000| Complete 
| 217|0x00000000ed900000, 0x00000000eda00000, 0x00000000eda00000|100%| E|CS|TAMS 0x00000000ed900000, 0x00000000ed900000| Complete 
| 218|0x00000000eda00000, 0x00000000edb00000, 0x00000000edb00000|100%| E|CS|TAMS 0x00000000eda00000, 0x00000000eda00000| Complete 
| 219|0x00000000edb00000, 0x00000000edc00000, 0x00000000edc00000|100%| E|CS|TAMS 0x00000000edb00000, 0x00000000edb00000| Complete 
| 220|0x00000000edc00000, 0x00000000edd00000, 0x00000000edd00000|100%| E|CS|TAMS 0x00000000edc00000, 0x00000000edc00000| Complete 
| 221|0x00000000edd00000, 0x00000000ede00000, 0x00000000ede00000|100%| E|CS|TAMS 0x00000000edd00000, 0x00000000edd00000| Complete 
| 222|0x00000000ede00000, 0x00000000edf00000, 0x00000000edf00000|100%| E|CS|TAMS 0x00000000ede00000, 0x00000000ede00000| Complete 
| 223|0x00000000edf00000, 0x00000000ee000000, 0x00000000ee000000|100%| E|CS|TAMS 0x00000000edf00000, 0x00000000edf00000| Complete 
| 224|0x00000000ee000000, 0x00000000ee100000, 0x00000000ee100000|100%| E|CS|TAMS 0x00000000ee000000, 0x00000000ee000000| Complete 
| 225|0x00000000ee100000, 0x00000000ee11b760, 0x00000000ee200000| 10%| S|CS|TAMS 0x00000000ee100000, 0x00000000ee100000| Complete 
| 226|0x00000000ee200000, 0x00000000ee300000, 0x00000000ee300000|100%| S|CS|TAMS 0x00000000ee200000, 0x00000000ee200000| Complete 
| 227|0x00000000ee300000, 0x00000000ee400000, 0x00000000ee400000|100%| E|CS|TAMS 0x00000000ee300000, 0x00000000ee300000| Complete 
| 228|0x00000000ee400000, 0x00000000ee500000, 0x00000000ee500000|100%| E|CS|TAMS 0x00000000ee400000, 0x00000000ee400000| Complete 
| 229|0x00000000ee500000, 0x00000000ee600000, 0x00000000ee600000|100%| E|CS|TAMS 0x00000000ee500000, 0x00000000ee500000| Complete 
| 230|0x00000000ee600000, 0x00000000ee700000, 0x00000000ee700000|100%| E|CS|TAMS 0x00000000ee600000, 0x00000000ee600000| Complete 
| 231|0x00000000ee700000, 0x00000000ee800000, 0x00000000ee800000|100%| E|CS|TAMS 0x00000000ee700000, 0x00000000ee700000| Complete 
| 232|0x00000000ee800000, 0x00000000ee900000, 0x00000000ee900000|100%| E|CS|TAMS 0x00000000ee800000, 0x00000000ee800000| Complete 
| 233|0x00000000ee900000, 0x00000000eea00000, 0x00000000eea00000|100%| E|CS|TAMS 0x00000000ee900000, 0x00000000ee900000| Complete 
| 234|0x00000000eea00000, 0x00000000eeb00000, 0x00000000eeb00000|100%| E|CS|TAMS 0x00000000eea00000, 0x00000000eea00000| Complete 
| 235|0x00000000eeb00000, 0x00000000eec00000, 0x00000000eec00000|100%| E|CS|TAMS 0x00000000eeb00000, 0x00000000eeb00000| Complete 
| 236|0x00000000eec00000, 0x00000000eed00000, 0x00000000eed00000|100%| E|CS|TAMS 0x00000000eec00000, 0x00000000eec00000| Complete 
| 237|0x00000000eed00000, 0x00000000eee00000, 0x00000000eee00000|100%| E|CS|TAMS 0x00000000eed00000, 0x00000000eed00000| Complete 
| 238|0x00000000eee00000, 0x00000000eef00000, 0x00000000eef00000|100%| E|CS|TAMS 0x00000000eee00000, 0x00000000eee00000| Complete 
| 239|0x00000000eef00000, 0x00000000ef000000, 0x00000000ef000000|100%| E|CS|TAMS 0x00000000eef00000, 0x00000000eef00000| Complete 
| 240|0x00000000ef000000, 0x00000000ef100000, 0x00000000ef100000|100%| E|CS|TAMS 0x00000000ef000000, 0x00000000ef000000| Complete 
| 241|0x00000000ef100000, 0x00000000ef200000, 0x00000000ef200000|100%| E|CS|TAMS 0x00000000ef100000, 0x00000000ef100000| Complete 
| 242|0x00000000ef200000, 0x00000000ef300000, 0x00000000ef300000|100%| E|CS|TAMS 0x00000000ef200000, 0x00000000ef200000| Complete 
| 243|0x00000000ef300000, 0x00000000ef400000, 0x00000000ef400000|100%| E|CS|TAMS 0x00000000ef300000, 0x00000000ef300000| Complete 
| 244|0x00000000ef400000, 0x00000000ef500000, 0x00000000ef500000|100%| E|CS|TAMS 0x00000000ef400000, 0x00000000ef400000| Complete 
| 245|0x00000000ef500000, 0x00000000ef600000, 0x00000000ef600000|100%| E|CS|TAMS 0x00000000ef500000, 0x00000000ef500000| Complete 
| 246|0x00000000ef600000, 0x00000000ef700000, 0x00000000ef700000|100%| E|CS|TAMS 0x00000000ef600000, 0x00000000ef600000| Complete 
| 247|0x00000000ef700000, 0x00000000ef800000, 0x00000000ef800000|100%| E|CS|TAMS 0x00000000ef700000, 0x00000000ef700000| Complete 
| 248|0x00000000ef800000, 0x00000000ef900000, 0x00000000ef900000|100%| E|CS|TAMS 0x00000000ef800000, 0x00000000ef800000| Complete 
| 249|0x00000000ef900000, 0x00000000efa00000, 0x00000000efa00000|100%| E|CS|TAMS 0x00000000ef900000, 0x00000000ef900000| Complete 
| 250|0x00000000efa00000, 0x00000000efb00000, 0x00000000efb00000|100%| E|CS|TAMS 0x00000000efa00000, 0x00000000efa00000| Complete 
| 251|0x00000000efb00000, 0x00000000efc00000, 0x00000000efc00000|100%| E|CS|TAMS 0x00000000efb00000, 0x00000000efb00000| Complete 
| 252|0x00000000efc00000, 0x00000000efd00000, 0x00000000efd00000|100%| E|CS|TAMS 0x00000000efc00000, 0x00000000efc00000| Complete 
| 253|0x00000000efd00000, 0x00000000efe00000, 0x00000000efe00000|100%| E|CS|TAMS 0x00000000efd00000, 0x00000000efd00000| Complete 
| 254|0x00000000efe00000, 0x00000000eff00000, 0x00000000eff00000|100%| E|CS|TAMS 0x00000000efe00000, 0x00000000efe00000| Complete 
| 255|0x00000000eff00000, 0x00000000f0000000, 0x00000000f0000000|100%| E|CS|TAMS 0x00000000eff00000, 0x00000000eff00000| Complete 

Card table byte_map: [0x000002134bdf0000,0x000002134bef0000] _byte_map_base: 0x000002134b6f0000

Marking Bits (Prev, Next): (CMBitMap*) 0x0000021335131510, (CMBitMap*) 0x0000021335131550
 Prev Bits: [0x000002134bff0000, 0x000002134c7f0000)
 Next Bits: [0x000002134c7f0000, 0x000002134cff0000)

Polling page: 0x0000021333110000

Metaspace:

Usage:
  Non-class:     14.00 MB used.
      Class:      2.31 MB used.
       Both:     16.31 MB used.

Virtual space:
  Non-class space:       64.00 MB reserved,      14.19 MB ( 22%) committed,  1 nodes.
      Class space:      320.00 MB reserved,       2.44 MB ( <1%) committed,  1 nodes.
             Both:      384.00 MB reserved,      16.62 MB (  4%) committed. 

Chunk freelists:
   Non-Class:  1.61 MB
       Class:  13.58 MB
        Both:  15.19 MB

MaxMetaspaceSize: 384.00 MB
CompressedClassSpaceSize: 320.00 MB
Initial GC threshold: 21.00 MB
Current GC threshold: 21.00 MB
CDS: on
MetaspaceReclaimPolicy: balanced
 - commit_granule_bytes: 65536.
 - commit_granule_words: 8192.
 - virtual_space_node_default_size: 8388608.
 - enlarge_chunks_in_place: 1.
 - new_chunks_are_fully_committed: 0.
 - uncommit_free_chunks: 1.
 - use_allocation_guard: 0.
 - handle_deallocations: 1.


Internal statistics:

num_allocs_failed_limit: 0.
num_arena_births: 210.
num_arena_deaths: 0.
num_vsnodes_births: 2.
num_vsnodes_deaths: 0.
num_space_committed: 266.
num_space_uncommitted: 0.
num_chunks_returned_to_freelist: 0.
num_chunks_taken_from_freelist: 743.
num_chunk_merges: 0.
num_chunk_splits: 506.
num_chunks_enlarged: 382.
num_inconsistent_stats: 0.

CodeHeap 'non-profiled nmethods': size=120000Kb used=1253Kb max_used=1253Kb free=118746Kb
 bounds [0x0000021344490000, 0x0000021344700000, 0x000002134b9c0000]
CodeHeap 'profiled nmethods': size=120000Kb used=5097Kb max_used=5097Kb free=114902Kb
 bounds [0x000002133c9c0000, 0x000002133cec0000, 0x0000021343ef0000]
CodeHeap 'non-nmethods': size=5760Kb used=1232Kb max_used=1278Kb free=4527Kb
 bounds [0x0000021343ef0000, 0x0000021344160000, 0x0000021344490000]
 total_blobs=3002 nmethods=2463 adapters=451
 compilation: enabled
              stopped_count=0, restarted_count=0
 full_count=0

Compilation events (20 events):
Event: 13.593 Thread 0x000002134fa1bfa0 nmethod 2444 0x000002133cea3b10 code [0x000002133cea3ce0, 0x000002133cea40d8]
Event: 13.594 Thread 0x000002134fa1bfa0 2446       3       java.util.concurrent.locks.AbstractQueuedSynchronizer$Node::getAndUnsetStatus (14 bytes)
Event: 13.595 Thread 0x000002134fa1bfa0 nmethod 2446 0x000002133cea4290 code [0x000002133cea4440, 0x000002133cea4708]
Event: 13.607 Thread 0x000002134fa1bfa0 2447       3       java.util.concurrent.ConcurrentLinkedQueue::poll (84 bytes)
Event: 13.611 Thread 0x000002134fa1bfa0 nmethod 2447 0x000002133cea4810 code [0x000002133cea4f00, 0x000002133cea90e8]
Event: 13.611 Thread 0x000002134fa1bfa0 2448       3       java.util.concurrent.ConcurrentLinkedQueue::updateHead (26 bytes)
Event: 13.612 Thread 0x000002134fa1bfa0 nmethod 2448 0x000002133ceaa210 code [0x000002133ceaa5c0, 0x000002133ceabf78]
Event: 13.640 Thread 0x000002134fa1bfa0 2450       3       java.util.concurrent.TimeUnit::toNanos (45 bytes)
Event: 13.640 Thread 0x000002134fa1bfa0 nmethod 2450 0x000002133ceac710 code [0x000002133ceac8c0, 0x000002133ceacb38]
Event: 13.648 Thread 0x000002134fa1bfa0 2451       3       java.util.HashMap::put (13 bytes)
Event: 13.649 Thread 0x000002134fa1bfa0 nmethod 2451 0x000002133ceacc10 code [0x000002133ceacdc0, 0x000002133cead0b8]
Event: 13.649 Thread 0x000002134fa1bfa0 2452       3       jdk.internal.loader.AbstractClassLoaderValue$Sub::hashCode (19 bytes)
Event: 13.649 Thread 0x000002134fa1bfa0 nmethod 2452 0x000002133cead210 code [0x000002133cead3e0, 0x000002133cead758]
Event: 13.649 Thread 0x000002134fa15190 2453   !   4       java.net.URLClassLoader::findClass (47 bytes)
Event: 13.663 Thread 0x000002134fa1bfa0 2454       3       java.util.Collections$1::next (25 bytes)
Event: 13.663 Thread 0x000002134fa1bfa0 nmethod 2454 0x000002133cead890 code [0x000002133ceada40, 0x000002133ceadc68]
Event: 13.766 Thread 0x000002134fa1bfa0 2457       3       org.gradle.internal.service.ServiceScopeValidator::getAnnotations (4 bytes)
Event: 13.766 Thread 0x000002134fa1bfa0 nmethod 2457 0x000002133ceadd90 code [0x000002133ceadf20, 0x000002133ceae038]
Event: 13.771 Thread 0x000002134fa1bfa0 2458       3       jdk.internal.loader.AbstractClassLoaderValue::extractValue (17 bytes)
Event: 13.772 Thread 0x000002134fa1bfa0 nmethod 2458 0x000002133ceae110 code [0x000002133ceae2c0, 0x000002133ceae668]

GC Heap History (4 events):
Event: 2.328 GC heap before
{Heap before GC invocations=0 (full 0):
 garbage-first heap   total 262144K, used 26624K [0x00000000e0000000, 0x0000000100000000)
  region size 1024K, 23 young (23552K), 0 survivors (0K)
 Metaspace       used 2126K, committed 2240K, reserved 393216K
  class space    used 229K, committed 320K, reserved 327680K
}
Event: 2.340 GC heap after
{Heap after GC invocations=1 (full 0):
 garbage-first heap   total 262144K, used 11241K [0x00000000e0000000, 0x0000000100000000)
  region size 1024K, 3 young (3072K), 3 survivors (3072K)
 Metaspace       used 2126K, committed 2240K, reserved 393216K
  class space    used 229K, committed 320K, reserved 327680K
}
Event: 3.998 GC heap before
{Heap before GC invocations=1 (full 0):
 garbage-first heap   total 262144K, used 37865K [0x00000000e0000000, 0x0000000100000000)
  region size 1024K, 29 young (29696K), 3 survivors (3072K)
 Metaspace       used 4040K, committed 4224K, reserved 393216K
  class space    used 502K, committed 640K, reserved 327680K
}
Event: 4.002 GC heap after
{Heap after GC invocations=2 (full 0):
 garbage-first heap   total 262144K, used 12312K [0x00000000e0000000, 0x0000000100000000)
  region size 1024K, 2 young (2048K), 2 survivors (2048K)
 Metaspace       used 4040K, committed 4224K, reserved 393216K
  class space    used 502K, committed 640K, reserved 327680K
}

Deoptimization events (20 events):
Event: 12.251 Thread 0x00000213690949f0 Uncommon trap: trap_request=0xffffff45 fr.pc=0x00000213445665f4 relative=0x0000000000000074
Event: 12.251 Thread 0x00000213690949f0 Uncommon trap: reason=unstable_if action=reinterpret pc=0x00000213445665f4 method=jdk.internal.misc.Unsafe.convEndian(ZI)I @ 4 c2
Event: 12.251 Thread 0x00000213690949f0 DEOPT PACKING pc=0x00000213445665f4 sp=0x0000005e5bbfac20
Event: 12.251 Thread 0x00000213690949f0 DEOPT UNPACKING pc=0x0000021343f423a3 sp=0x0000005e5bbfab28 mode 2
Event: 12.339 Thread 0x00000213690949f0 Uncommon trap: trap_request=0xffffff45 fr.pc=0x00000213444b1890 relative=0x0000000000000a90
Event: 12.339 Thread 0x00000213690949f0 Uncommon trap: reason=unstable_if action=reinterpret pc=0x00000213444b1890 method=java.io.WinNTFileSystem.resolve(Ljava/lang/String;Ljava/lang/String;)Ljava/lang/String; @ 19 c2
Event: 12.339 Thread 0x00000213690949f0 DEOPT PACKING pc=0x00000213444b1890 sp=0x0000005e5bbfb200
Event: 12.339 Thread 0x00000213690949f0 DEOPT UNPACKING pc=0x0000021343f423a3 sp=0x0000005e5bbfb1a8 mode 2
Event: 12.355 Thread 0x00000213690949f0 Uncommon trap: trap_request=0xffffff45 fr.pc=0x0000021344511188 relative=0x00000000000005c8
Event: 12.355 Thread 0x00000213690949f0 Uncommon trap: reason=unstable_if action=reinterpret pc=0x0000021344511188 method=java.io.File.getName()Ljava/lang/String; @ 16 c2
Event: 12.355 Thread 0x00000213690949f0 DEOPT PACKING pc=0x0000021344511188 sp=0x0000005e5bbfb1a0
Event: 12.355 Thread 0x00000213690949f0 DEOPT UNPACKING pc=0x0000021343f423a3 sp=0x0000005e5bbfb170 mode 2
Event: 12.786 Thread 0x00000213690949f0 Uncommon trap: trap_request=0xffffff45 fr.pc=0x00000213445802f8 relative=0x00000000000000d8
Event: 12.786 Thread 0x00000213690949f0 Uncommon trap: reason=unstable_if action=reinterpret pc=0x00000213445802f8 method=java.util.HashMap.hash(Ljava/lang/Object;)I @ 1 c2
Event: 12.786 Thread 0x00000213690949f0 DEOPT PACKING pc=0x00000213445802f8 sp=0x0000005e5bbfbfa0
Event: 12.786 Thread 0x00000213690949f0 DEOPT UNPACKING pc=0x0000021343f423a3 sp=0x0000005e5bbfbee0 mode 2
Event: 13.004 Thread 0x00000213690949f0 Uncommon trap: trap_request=0xffffff45 fr.pc=0x000002134453c0bc relative=0x000000000000071c
Event: 13.004 Thread 0x00000213690949f0 Uncommon trap: reason=unstable_if action=reinterpret pc=0x000002134453c0bc method=java.util.ArrayList.grow(I)[Ljava/lang/Object; @ 17 c2
Event: 13.004 Thread 0x00000213690949f0 DEOPT PACKING pc=0x000002134453c0bc sp=0x0000005e5bbfcba0
Event: 13.004 Thread 0x00000213690949f0 DEOPT UNPACKING pc=0x0000021343f423a3 sp=0x0000005e5bbfca38 mode 2

Classes unloaded (0 events):
No events

Classes redefined (0 events):
No events

Internal exceptions (20 events):
Event: 10.084 Thread 0x00000213690949f0 Exception <a 'java/lang/NoSuchMethodError'{0x00000000ec3c98e8}: 'java.lang.Object java.lang.invoke.DirectMethodHandle$Holder.newInvokeSpecial(java.lang.Object, java.lang.Object, java.lang.Object, java.lang.Object, java.lang.Object)'> (0x00000000ec3c98e8) 
thrown [s\open\src\hotspot\share\interpreter\linkResolver.cpp, line 759]
Event: 10.634 Thread 0x00000213690949f0 Exception <a 'java/lang/NoSuchMethodError'{0x00000000ebf28a38}: 'java.lang.Object java.lang.invoke.DirectMethodHandle$Holder.newInvokeSpecial(java.lang.Object, java.lang.Object, java.lang.Object, java.lang.Object, java.lang.Object, java.lang.Object)'> (0x00000000ebf28a38) 
thrown [s\open\src\hotspot\share\interpreter\linkResolver.cpp, line 759]
Event: 10.650 Thread 0x00000213690949f0 Exception <a 'java/lang/NoSuchMethodError'{0x00000000ebf41038}: 'void java.lang.invoke.DirectMethodHandle$Holder.invokeSpecial(java.lang.Object, java.lang.Object, java.lang.Object, java.lang.Object, java.lang.Object)'> (0x00000000ebf41038) 
thrown [s\open\src\hotspot\share\interpreter\linkResolver.cpp, line 759]
Event: 10.662 Thread 0x00000213690949f0 Exception <a 'java/lang/NoSuchMethodError'{0x00000000ebf557e8}: 'void java.lang.invoke.DirectMethodHandle$Holder.invokeStaticInit(java.lang.Object, java.lang.Object)'> (0x00000000ebf557e8) 
thrown [s\open\src\hotspot\share\interpreter\linkResolver.cpp, line 759]
Event: 10.941 Thread 0x00000213690949f0 Exception <a 'java/lang/NoSuchMethodError'{0x00000000ebc30ee8}: 'void java.lang.invoke.DelegatingMethodHandle$Holder.reinvoke_L(java.lang.Object, java.lang.Object, java.lang.Object, java.lang.Object, java.lang.Object, java.lang.Object, java.lang.Object, java.lang.Object, java.lang.Object, java.lang.Object)'> (0x00000000ebc30ee8) 
thrown [s\open\src\hotspot\share\interpreter\linkResolver.cpp, line 759]
Event: 10.944 Thread 0x00000213690949f0 Exception <a 'java/lang/NoSuchMethodError'{0x00000000ebc39358}: 'java.lang.Object java.lang.invoke.DirectMethodHandle$Holder.invokeSpecial(java.lang.Object, java.lang.Object, java.lang.Object, java.lang.Object, java.lang.Object, java.lang.Object, java.lang.Object, java.lang.Object, java.lang.Object, java.lang.Object)'> (0x00000000ebc39358) 
thrown [s\open\src\hotspot\share\interpreter\linkResolver.cpp, line 759]
Event: 10.944 Thread 0x00000213690949f0 Exception <a 'java/lang/NoSuchMethodError'{0x00000000ebc3dc28}: 'java.lang.Object java.lang.invoke.Invokers$Holder.invoker(java.lang.Object, java.lang.Object, java.lang.Object, java.lang.Object, java.lang.Object, java.lang.Object, java.lang.Object, java.lang.Object, java.lang.Object, java.lang.Object)'> (0x00000000ebc3dc28) 
thrown [s\open\src\hotspot\share\interpreter\linkResolver.cpp, line 759]
Event: 10.946 Thread 0x00000213690949f0 Exception <a 'java/lang/NoSuchMethodError'{0x00000000ebc437b0}: 'java.lang.Object java.lang.invoke.DirectMethodHandle$Holder.invokeSpecial(java.lang.Object, java.lang.Object, java.lang.Object, java.lang.Object, java.lang.Object, java.lang.Object, java.lang.Object, java.lang.Object, java.lang.Object, java.lang.Object, java.lang.Object)'> (0x00000000ebc437b0) 
thrown [s\open\src\hotspot\share\interpreter\linkResolver.cpp, line 759]
Event: 12.073 Thread 0x00000213690949f0 Exception <a 'java/lang/NoSuchMethodError'{0x00000000eb63cd20}: 'void java.lang.invoke.DirectMethodHandle$Holder.invokeStaticInit(java.lang.Object)'> (0x00000000eb63cd20) 
thrown [s\open\src\hotspot\share\interpreter\linkResolver.cpp, line 759]
Event: 12.109 Thread 0x00000213690949f0 Exception <a 'java/lang/NoSuchMethodError'{0x00000000eb6ee7b8}: 'java.lang.Object java.lang.invoke.DirectMethodHandle$Holder.newInvokeSpecial(java.lang.Object, java.lang.Object, java.lang.Object, int)'> (0x00000000eb6ee7b8) 
thrown [s\open\src\hotspot\share\interpreter\linkResolver.cpp, line 759]
Event: 12.110 Thread 0x00000213690949f0 Exception <a 'java/lang/NoSuchMethodError'{0x00000000eb6f30e8}: 'java.lang.Object java.lang.invoke.DirectMethodHandle$Holder.invokeSpecial(java.lang.Object, java.lang.Object, java.lang.Object, java.lang.Object, int)'> (0x00000000eb6f30e8) 
thrown [s\open\src\hotspot\share\interpreter\linkResolver.cpp, line 759]
Event: 12.111 Thread 0x00000213690949f0 Exception <a 'java/lang/NoSuchMethodError'{0x00000000eb6f7200}: 'java.lang.Object java.lang.invoke.Invokers$Holder.linkToTargetMethod(java.lang.Object, java.lang.Object, int, java.lang.Object)'> (0x00000000eb6f7200) 
thrown [s\open\src\hotspot\share\interpreter\linkResolver.cpp, line 759]
Event: 12.478 Thread 0x00000213690949f0 Exception <a 'java/lang/NoSuchMethodError'{0x00000000eb02c410}: 'int java.lang.invoke.DirectMethodHandle$Holder.invokeVirtual(java.lang.Object, java.lang.Object, java.lang.Object)'> (0x00000000eb02c410) 
thrown [s\open\src\hotspot\share\interpreter\linkResolver.cpp, line 759]
Event: 12.673 Thread 0x00000213690949f0 Exception <a 'java/lang/NoSuchMethodError'{0x00000000eaf36928}: 'int java.lang.invoke.DirectMethodHandle$Holder.invokeSpecialIFC(java.lang.Object, java.lang.Object, java.lang.Object, java.lang.Object)'> (0x00000000eaf36928) 
thrown [s\open\src\hotspot\share\interpreter\linkResolver.cpp, line 759]
Event: 12.679 Thread 0x00000213690949f0 Exception <a 'java/lang/NoSuchMethodError'{0x00000000eaf45798}: 'java.lang.Object java.lang.invoke.DirectMethodHandle$Holder.invokeInterface(java.lang.Object, java.lang.Object, java.lang.Object)'> (0x00000000eaf45798) 
thrown [s\open\src\hotspot\share\interpreter\linkResolver.cpp, line 759]
Event: 12.680 Thread 0x00000213690949f0 Exception <a 'java/lang/IncompatibleClassChangeError'{0x00000000eaf493b0}: Found class java.lang.Object, but interface was expected> (0x00000000eaf493b0) 
thrown [s\open\src\hotspot\share\interpreter\linkResolver.cpp, line 826]
Event: 12.786 Thread 0x00000213690949f0 Implicit null exception at 0x0000021344580258 to 0x00000213445802ee
Event: 12.847 Thread 0x00000213690949f0 Exception <a 'java/lang/NoSuchMethodError'{0x00000000ead34788}: 'int java.lang.invoke.DirectMethodHandle$Holder.invokeStatic(java.lang.Object, java.lang.Object, java.lang.Object, java.lang.Object)'> (0x00000000ead34788) 
thrown [s\open\src\hotspot\share\interpreter\linkResolver.cpp, line 759]
Event: 12.848 Thread 0x00000213690949f0 Exception <a 'java/lang/NoSuchMethodError'{0x00000000ead383b0}: 'java.lang.Object java.lang.invoke.Invokers$Holder.invokeExact_MT(java.lang.Object, java.lang.Object, java.lang.Object, java.lang.Object, java.lang.Object, java.lang.Object)'> (0x00000000ead383b0) 
thrown [s\open\src\hotspot\share\interpreter\linkResolver.cpp, line 759]
Event: 13.174 Thread 0x00000213690949f0 Exception <a 'java/lang/IncompatibleClassChangeError'{0x00000000eabe7438}: Found class java.lang.Object, but interface was expected> (0x00000000eabe7438) 
thrown [s\open\src\hotspot\share\interpreter\linkResolver.cpp, line 826]

VM Operations (20 events):
Event: 8.779 Executing VM operation: HandshakeAllThreads
Event: 8.779 Executing VM operation: HandshakeAllThreads done
Event: 9.791 Executing VM operation: Cleanup
Event: 9.791 Executing VM operation: Cleanup done
Event: 10.803 Executing VM operation: Cleanup
Event: 10.804 Executing VM operation: Cleanup done
Event: 10.812 Executing VM operation: HandshakeAllThreads
Event: 10.812 Executing VM operation: HandshakeAllThreads done
Event: 11.821 Executing VM operation: Cleanup
Event: 11.838 Executing VM operation: Cleanup done
Event: 12.376 Executing VM operation: HandshakeAllThreads
Event: 12.376 Executing VM operation: HandshakeAllThreads done
Event: 12.377 Executing VM operation: HandshakeAllThreads
Event: 12.377 Executing VM operation: HandshakeAllThreads done
Event: 13.122 Executing VM operation: HandshakeAllThreads
Event: 13.122 Executing VM operation: HandshakeAllThreads done
Event: 13.122 Executing VM operation: Cleanup
Event: 13.122 Executing VM operation: Cleanup done
Event: 13.123 Executing VM operation: HandshakeAllThreads
Event: 13.124 Executing VM operation: HandshakeAllThreads done

Events (20 events):
Event: 12.441 loading class java/io/FilenameFilter
Event: 12.444 loading class java/io/FilenameFilter done
Event: 12.445 loading class java/nio/file/PathMatcher
Event: 12.448 loading class java/nio/file/PathMatcher done
Event: 12.449 loading class java/nio/file/FileVisitor
Event: 12.450 loading class java/nio/file/FileVisitor done
Event: 12.451 loading class java/util/zip/CheckedInputStream
Event: 12.453 loading class java/util/zip/CheckedInputStream done
Event: 12.650 loading class java/util/concurrent/Semaphore
Event: 12.656 loading class java/util/concurrent/Semaphore done
Event: 12.666 loading class java/nio/file/FileVisitOption
Event: 12.668 loading class java/nio/file/FileVisitOption done
Event: 12.682 loading class java/util/stream/ReduceOps$1
Event: 12.683 loading class java/util/stream/ReduceOps$1 done
Event: 12.683 loading class java/util/stream/ReduceOps$1ReducingSink
Event: 12.684 loading class java/util/stream/ReduceOps$1ReducingSink done
Event: 13.247 loading class java/util/Collections$2
Event: 13.248 loading class java/util/Collections$2 done
Event: 13.708 loading class java/util/function/LongFunction
Event: 13.709 loading class java/util/function/LongFunction done


Dynamic libraries:
0x00007ff7ef4d0000 - 0x00007ff7ef4e0000 	C:\Program Files\Java\jdk-17\bin\java.exe
0x00007ffdbacd0000 - 0x00007ffdbaee7000 	C:\Windows\SYSTEM32\ntdll.dll
0x00007ffdba200000 - 0x00007ffdba2c4000 	C:\Windows\System32\KERNEL32.DLL
0x00007ffdb8380000 - 0x00007ffdb8739000 	C:\Windows\System32\KERNELBASE.dll
0x00007ffdb8140000 - 0x00007ffdb8251000 	C:\Windows\System32\ucrtbase.dll
0x00007ffd8a970000 - 0x00007ffd8a989000 	C:\Program Files\Java\jdk-17\bin\jli.dll
0x00007ffdba2d0000 - 0x00007ffdba382000 	C:\Windows\System32\ADVAPI32.dll
0x00007ffdba390000 - 0x00007ffdba437000 	C:\Windows\System32\msvcrt.dll
0x00007ffdb98f0000 - 0x00007ffdb9997000 	C:\Windows\System32\sechost.dll
0x00007ffdb8260000 - 0x00007ffdb8288000 	C:\Windows\System32\bcrypt.dll
0x00007ffdb9ed0000 - 0x00007ffdb9fe4000 	C:\Windows\System32\RPCRT4.dll
0x00007ffdb9ff0000 - 0x00007ffdba19e000 	C:\Windows\System32\USER32.dll
0x00007ffdb89c0000 - 0x00007ffdb89e6000 	C:\Windows\System32\win32u.dll
0x00007ffdb9d60000 - 0x00007ffdb9d89000 	C:\Windows\System32\GDI32.dll
0x00007ffdb88a0000 - 0x00007ffdb89bb000 	C:\Windows\System32\gdi32full.dll
0x00007ffdb8800000 - 0x00007ffdb889a000 	C:\Windows\System32\msvcp_win.dll
0x00007ffd99320000 - 0x00007ffd995b2000 	C:\Windows\WinSxS\amd64_microsoft.windows.common-controls_6595b64144ccf1df_6.0.22621.4391_none_2715d37f73803e96\COMCTL32.dll
0x00007ffdac150000 - 0x00007ffdac15a000 	C:\Windows\SYSTEM32\VERSION.dll
0x00007ffd91df0000 - 0x00007ffd91e0b000 	C:\Program Files\Java\jdk-17\bin\VCRUNTIME140.dll
0x00007ffdb9d90000 - 0x00007ffdb9dc1000 	C:\Windows\System32\IMM32.DLL
0x00007ffdb3450000 - 0x00007ffdb345c000 	C:\Program Files\Java\jdk-17\bin\vcruntime140_1.dll
0x00007ffd72d40000 - 0x00007ffd72dce000 	C:\Program Files\Java\jdk-17\bin\msvcp140.dll
0x00007ffd28d90000 - 0x00007ffd29970000 	C:\Program Files\Java\jdk-17\bin\server\jvm.dll
0x00007ffdb9b70000 - 0x00007ffdb9b78000 	C:\Windows\System32\PSAPI.DLL
0x00007ffdb2870000 - 0x00007ffdb2879000 	C:\Windows\SYSTEM32\WSOCK32.dll
0x00007ffdb1e90000 - 0x00007ffdb1ec4000 	C:\Windows\SYSTEM32\WINMM.dll
0x00007ffdb89f0000 - 0x00007ffdb8a61000 	C:\Windows\System32\WS2_32.dll
0x00007ffdb6fe0000 - 0x00007ffdb6ff8000 	C:\Windows\SYSTEM32\kernel.appcore.dll
0x00007ffda9430000 - 0x00007ffda943a000 	C:\Program Files\Java\jdk-17\bin\jimage.dll
0x00007ffdb5960000 - 0x00007ffdb5b92000 	C:\Windows\SYSTEM32\DBGHELP.DLL
0x00007ffdba710000 - 0x00007ffdbaa9f000 	C:\Windows\System32\combase.dll
0x00007ffdb9b80000 - 0x00007ffdb9c57000 	C:\Windows\System32\OLEAUT32.dll
0x00007ffd8f4c0000 - 0x00007ffd8f4f2000 	C:\Windows\SYSTEM32\dbgcore.DLL
0x00007ffdb8300000 - 0x00007ffdb837b000 	C:\Windows\System32\bcryptPrimitives.dll
0x00007ffda8380000 - 0x00007ffda838e000 	C:\Program Files\Java\jdk-17\bin\instrument.dll
0x00007ffd72f10000 - 0x00007ffd72f35000 	C:\Program Files\Java\jdk-17\bin\java.dll
0x00007ffd72c60000 - 0x00007ffd72d37000 	C:\Program Files\Java\jdk-17\bin\jsvml.dll
0x00007ffdb8a70000 - 0x00007ffdb92e6000 	C:\Windows\System32\SHELL32.dll
0x00007ffdb5ec0000 - 0x00007ffdb67c3000 	C:\Windows\SYSTEM32\windows.storage.dll
0x00007ffdb5d80000 - 0x00007ffdb5ebf000 	C:\Windows\SYSTEM32\wintypes.dll
0x00007ffdb9370000 - 0x00007ffdb9469000 	C:\Windows\System32\SHCORE.dll
0x00007ffdba1a0000 - 0x00007ffdba1fe000 	C:\Windows\System32\shlwapi.dll
0x00007ffdb7f00000 - 0x00007ffdb7f2b000 	C:\Windows\SYSTEM32\profapi.dll
0x00007ffd72ef0000 - 0x00007ffd72f08000 	C:\Program Files\Java\jdk-17\bin\zip.dll
0x00007ffd72c40000 - 0x00007ffd72c59000 	C:\Program Files\Java\jdk-17\bin\net.dll
0x00007ffdb3660000 - 0x00007ffdb3796000 	C:\Windows\SYSTEM32\WINHTTP.dll
0x00007ffdb7490000 - 0x00007ffdb74f9000 	C:\Windows\system32\mswsock.dll
0x00007ffd72c20000 - 0x00007ffd72c36000 	C:\Program Files\Java\jdk-17\bin\nio.dll
0x00007ffd84b30000 - 0x00007ffd84b40000 	C:\Program Files\Java\jdk-17\bin\verify.dll
0x00007ffd73220000 - 0x00007ffd73247000 	C:\Users\ayenm\.gradle\native\c067742578af261105cb4f569cf0c3c89f3d7b1fecec35dd04571415982c5e48\windows-amd64\native-platform.dll
0x00007ffd30f90000 - 0x00007ffd310d4000 	C:\Users\ayenm\.gradle\native\100fb08df4bc3b14c8652ba06237920a3bd2aa13389f12d3474272988ae205f9\windows-amd64\native-platform-file-events.dll
0x00007ffd83bb0000 - 0x00007ffd83bba000 	C:\Program Files\Java\jdk-17\bin\management.dll
0x00007ffd83ac0000 - 0x00007ffd83acb000 	C:\Program Files\Java\jdk-17\bin\management_ext.dll
0x00007ffdb76e0000 - 0x00007ffdb76fb000 	C:\Windows\SYSTEM32\CRYPTSP.dll
0x00007ffdb6f40000 - 0x00007ffdb6f75000 	C:\Windows\system32\rsaenh.dll
0x00007ffdb7580000 - 0x00007ffdb75a8000 	C:\Windows\SYSTEM32\USERENV.dll
0x00007ffdb7700000 - 0x00007ffdb770c000 	C:\Windows\SYSTEM32\CRYPTBASE.dll
0x00007ffdb6a30000 - 0x00007ffdb6a5d000 	C:\Windows\SYSTEM32\IPHLPAPI.DLL
0x00007ffdbaaa0000 - 0x00007ffdbaaa9000 	C:\Windows\System32\NSI.dll
0x00007ffdb2750000 - 0x00007ffdb2769000 	C:\Windows\SYSTEM32\dhcpcsvc6.DLL
0x00007ffdb2610000 - 0x00007ffdb262f000 	C:\Windows\SYSTEM32\dhcpcsvc.DLL
0x00007ffdb6aa0000 - 0x00007ffdb6ba2000 	C:\Windows\SYSTEM32\DNSAPI.dll
0x00007ffd80a60000 - 0x00007ffd80a6e000 	C:\Program Files\Java\jdk-17\bin\sunmscapi.dll
0x00007ffdb7fd0000 - 0x00007ffdb8136000 	C:\Windows\System32\CRYPT32.dll
0x00007ffdb78a0000 - 0x00007ffdb78cd000 	C:\Windows\SYSTEM32\ncrypt.dll
0x00007ffdb7860000 - 0x00007ffdb7897000 	C:\Windows\SYSTEM32\NTASN1.dll
0x00007ffd88550000 - 0x00007ffd88558000 	C:\Windows\system32\wshunix.dll

dbghelp: loaded successfully - version: 4.0.5 - missing functions: none
symbol engine: initialized successfully - sym options: 0x614 - pdb path: .;C:\Program Files\Java\jdk-17\bin;C:\Windows\SYSTEM32;C:\Windows\WinSxS\amd64_microsoft.windows.common-controls_6595b64144ccf1df_6.0.22621.4391_none_2715d37f73803e96;C:\Program Files\Java\jdk-17\bin\server;C:\Users\ayenm\.gradle\native\c067742578af261105cb4f569cf0c3c89f3d7b1fecec35dd04571415982c5e48\windows-amd64;C:\Users\ayenm\.gradle\native\100fb08df4bc3b14c8652ba06237920a3bd2aa13389f12d3474272988ae205f9\windows-amd64

VM Arguments:
jvm_args: --add-opens=java.base/java.util=ALL-UNNAMED --add-opens=java.base/java.lang=ALL-UNNAMED --add-opens=java.base/java.lang.invoke=ALL-UNNAMED --add-opens=java.prefs/java.util.prefs=ALL-UNNAMED --add-opens=java.base/java.nio.charset=ALL-UNNAMED --add-opens=java.base/java.net=ALL-UNNAMED --add-opens=java.base/java.util.concurrent.atomic=ALL-UNNAMED -XX:MaxMetaspaceSize=384m -XX:+HeapDumpOnOutOfMemoryError -Xms256m -Xmx512m -Dfile.encoding=windows-1252 -Duser.country=US -Duser.language=en -Duser.variant -javaagent:C:\Users\ayenm\.gradle\wrapper\dists\gradle-8.8-bin\dl7vupf4psengwqhwktix4v1\gradle-8.8\lib\agents\gradle-instrumentation-agent-8.8.jar 
java_command: org.gradle.launcher.daemon.bootstrap.GradleDaemon 8.8
java_class_path (initial): C:\Users\ayenm\.gradle\wrapper\dists\gradle-8.8-bin\dl7vupf4psengwqhwktix4v1\gradle-8.8\lib\gradle-launcher-8.8.jar
Launcher Type: SUN_STANDARD

[Global flags]
     intx CICompilerCount                          = 4                                         {product} {ergonomic}
   size_t CompressedClassSpaceSize                 = 335544320                                 {product} {ergonomic}
     uint ConcGCThreads                            = 2                                         {product} {ergonomic}
     uint G1ConcRefinementThreads                  = 8                                         {product} {ergonomic}
   size_t G1HeapRegionSize                         = 1048576                                   {product} {ergonomic}
    uintx GCDrainStackTargetSize                   = 64                                        {product} {ergonomic}
     bool HeapDumpOnOutOfMemoryError               = true                                   {manageable} {command line}
   size_t InitialHeapSize                          = 268435456                                 {product} {command line}
   size_t MarkStackSize                            = 4194304                                   {product} {ergonomic}
   size_t MaxHeapSize                              = 536870912                                 {product} {command line}
   size_t MaxMetaspaceSize                         = 402653184                                 {product} {command line}
   size_t MaxNewSize                               = 321912832                                 {product} {ergonomic}
   size_t MinHeapDeltaBytes                        = 1048576                                   {product} {ergonomic}
   size_t MinHeapSize                              = 268435456                                 {product} {command line}
    uintx NonNMethodCodeHeapSize                   = 5839372                                {pd product} {ergonomic}
    uintx NonProfiledCodeHeapSize                  = 122909434                              {pd product} {ergonomic}
    uintx ProfiledCodeHeapSize                     = 122909434                              {pd product} {ergonomic}
    uintx ReservedCodeCacheSize                    = 251658240                              {pd product} {ergonomic}
     bool SegmentedCodeCache                       = true                                      {product} {ergonomic}
   size_t SoftMaxHeapSize                          = 536870912                              {manageable} {ergonomic}
     bool UseCompressedClassPointers               = true                           {product lp64_product} {ergonomic}
     bool UseCompressedOops                        = true                           {product lp64_product} {ergonomic}
     bool UseG1GC                                  = true                                      {product} {ergonomic}
     bool UseLargePagesIndividualAllocation        = false                                  {pd product} {ergonomic}

Logging:
Log output configuration:
 #0: stdout all=warning uptime,level,tags
 #1: stderr all=off uptime,level,tags

Environment Variables:
PATH=C:\Program Files\Common Files\Oracle\Java\javapath;C:\Windows\system32;C:\Windows;C:\Windows\System32\Wbem;C:\Windows\System32\WindowsPowerShell\v1.0\;C:\Windows\System32\OpenSSH\;C:\Program Files\Git\cmd;C:\xampp\php;C:\composer;C:\xampp_8.2\php;C:\xampp\mysql\bin;;C:\Program Files\Docker\Docker\resources\bin;C:\Users\ayenm\AppData\Local\Microsoft\WindowsApps;C:\Users\ayenm\AppData\Roaming\Composer\vendor\bin;\Gradle\gradle-8.10\bin;
USERNAME=ayenm
OS=Windows_NT
PROCESSOR_IDENTIFIER=AMD64 Family 23 Model 160 Stepping 0, AuthenticAMD



---------------  S Y S T E M  ---------------

OS:
 Windows 11 , 64 bit Build 22621 (10.0.22621.4391)
OS uptime: 1 days 21:54 hours
Hyper-V role detected

CPU: total 8 (initial active 8) (8 cores per cpu, 2 threads per core) family 23 model 160 stepping 0 microcode 0x0, cx8, cmov, fxsr, ht, mmx, 3dnowpref, sse, sse2, sse3, ssse3, sse4a, sse4.1, sse4.2, popcnt, lzcnt, tsc, tscinvbit, avx, avx2, aes, clmul, bmi1, bmi2, adx, sha, fma, vzeroupper, clflush, clflushopt, hv

Memory: 4k page, system-wide physical 5965M (42M free)
TotalPageFile size 24397M (AvailPageFile size 0M)
current process WorkingSet (physical memory assigned to process): 97M, peak: 120M
current process commit charge ("private bytes"): 410M, peak: 413M

vm_info: Java HotSpot(TM) 64-Bit Server VM (17.0.11+7-LTS-207) for windows-amd64 JRE (17.0.11+7-LTS-207), built on Mar 11 2024 19:01:50 by "mach5one" with MS VC++ 17.6 (VS2022)

END.
